Sep 26, 2022 7:21:34 PM de.gurkenlabs.litiengine.environment.MapObjectLoader loadCustomMapObjectProperties
WARNING: entity #19: value "10" for custom property velocity could not be set.
Sep 26, 2022 7:37:57 PM de.gurkenlabs.litiengine.environment.MapObjectLoader loadCustomMapObjectProperties
WARNING: entity #19: value "10" for custom property velocity could not be set.
Sep 26, 2022 7:39:28 PM de.gurkenlabs.litiengine.environment.MapObjectLoader loadCustomMapObjectProperties
WARNING: entity #19: value "10" for custom property velocity could not be set.
Sep 26, 2022 7:39:44 PM de.gurkenlabs.litiengine.environment.MapObjectLoader loadCustomMapObjectProperties
WARNING: entity #19: value "10" for custom property velocity could not be set.
Sep 26, 2022 7:39:48 PM de.gurkenlabs.litiengine.environment.MapObjectLoader loadCustomMapObjectProperties
WARNING: entity #19: value "10" for custom property velocity could not be set.
Sep 26, 2022 8:21:28 PM de.gurkenlabs.litiengine.environment.MapObjectLoader loadCustomMapObjectProperties
WARNING: entity #19: value "10" for custom property velocity could not be set.
Sep 27, 2022 5:30:10 PM de.gurkenlabs.litiengine.environment.MapObjectLoader loadCustomMapObjectProperties
WARNING: entity #19: value "10" for custom property velocity could not be set.
Sep 27, 2022 5:40:43 PM de.gurkenlabs.litiengine.environment.MapObjectLoader loadCustomMapObjectProperties
WARNING: entity #19: value "10" for custom property velocity could not be set.
Sep 27, 2022 5:45:51 PM de.gurkenlabs.litiengine.environment.MapObjectLoader loadCustomMapObjectProperties
WARNING: entity #19: value "10" for custom property velocity could not be set.
Sep 27, 2022 6:10:04 PM de.gurkenlabs.litiengine.environment.MapObjectLoader loadCustomMapObjectProperties
WARNING: entity #19: value "10" for custom property velocity could not be set.
Sep 27, 2022 7:11:00 PM de.gurkenlabs.litiengine.environment.MapObjectLoader loadCustomMapObjectProperties
WARNING: entity #19: value "10" for custom property velocity could not be set.
Sep 27, 2022 7:37:17 PM de.gurkenlabs.litiengine.DefaultUncaughtExceptionHandler uncaughtException
SEVERE: Game crashed! :(
de.gurkenlabs.litiengine.resources.ResourceLoadException: javax.imageio.IIOException: Can't get input stream from URL!
	at de.gurkenlabs.litiengine.resources.ResourcesContainer.loadResource(ResourcesContainer.java:391)
	at java.util.concurrent.ConcurrentHashMap.computeIfAbsent(Unknown Source)
	at de.gurkenlabs.litiengine.resources.ResourcesContainer.get(ResourcesContainer.java:273)
	at de.gurkenlabs.litiengine.resources.ResourcesContainer.get(ResourcesContainer.java:207)
	at MainProgram.Program.main(Program.java:19)
Caused by: javax.imageio.IIOException: Can't get input stream from URL!
	at javax.imageio.ImageIO.read(Unknown Source)
	at de.gurkenlabs.litiengine.resources.Images.load(Images.java:49)
	at de.gurkenlabs.litiengine.resources.Images.load(Images.java:12)
	at de.gurkenlabs.litiengine.resources.ResourcesContainer.loadResource(ResourcesContainer.java:389)
	... 4 more
Caused by: java.io.FileNotFoundException: D:\own\game\icon.png (A rendszer nem találja a megadott fájlt)
	at java.io.FileInputStream.open0(Native Method)
	at java.io.FileInputStream.open(Unknown Source)
	at java.io.FileInputStream.<init>(Unknown Source)
	at java.io.FileInputStream.<init>(Unknown Source)
	at sun.net.www.protocol.file.FileURLConnection.connect(Unknown Source)
	at sun.net.www.protocol.file.FileURLConnection.getInputStream(Unknown Source)
	at java.net.URL.openStream(Unknown Source)
	... 8 more

Sep 27, 2022 7:55:39 PM de.gurkenlabs.litiengine.DefaultUncaughtExceptionHandler uncaughtException
SEVERE: Game crashed! :(
de.gurkenlabs.litiengine.resources.ResourceLoadException: javax.imageio.IIOException: Can't get input stream from URL!
	at de.gurkenlabs.litiengine.resources.ResourcesContainer.loadResource(ResourcesContainer.java:391)
	at java.util.concurrent.ConcurrentHashMap.computeIfAbsent(Unknown Source)
	at de.gurkenlabs.litiengine.resources.ResourcesContainer.get(ResourcesContainer.java:273)
	at de.gurkenlabs.litiengine.resources.ResourcesContainer.get(ResourcesContainer.java:207)
	at MainProgram.Program.main(Program.java:19)
Caused by: javax.imageio.IIOException: Can't get input stream from URL!
	at javax.imageio.ImageIO.read(Unknown Source)
	at de.gurkenlabs.litiengine.resources.Images.load(Images.java:49)
	at de.gurkenlabs.litiengine.resources.Images.load(Images.java:12)
	at de.gurkenlabs.litiengine.resources.ResourcesContainer.loadResource(ResourcesContainer.java:389)
	... 4 more
Caused by: java.io.FileNotFoundException: D:\own\game\icon.png (A rendszer nem találja a megadott fájlt)
	at java.io.FileInputStream.open0(Native Method)
	at java.io.FileInputStream.open(Unknown Source)
	at java.io.FileInputStream.<init>(Unknown Source)
	at java.io.FileInputStream.<init>(Unknown Source)
	at sun.net.www.protocol.file.FileURLConnection.connect(Unknown Source)
	at sun.net.www.protocol.file.FileURLConnection.getInputStream(Unknown Source)
	at java.net.URL.openStream(Unknown Source)
	... 8 more

Sep 27, 2022 8:24:28 PM de.gurkenlabs.litiengine.DefaultUncaughtExceptionHandler uncaughtException
SEVERE: Game crashed! :(
java.lang.ExceptionInInitializerError
	at MainProgram.Program.main(Program.java:24)
Caused by: de.gurkenlabs.litiengine.resources.ResourceLoadException: javax.imageio.IIOException: Can't get input stream from URL!
	at de.gurkenlabs.litiengine.resources.ResourcesContainer.loadResource(ResourcesContainer.java:391)
	at java.util.concurrent.ConcurrentHashMap.computeIfAbsent(Unknown Source)
	at de.gurkenlabs.litiengine.resources.ResourcesContainer.get(ResourcesContainer.java:273)
	at de.gurkenlabs.litiengine.resources.ResourcesContainer.get(ResourcesContainer.java:207)
	at Menu.MenuScreen.<clinit>(MenuScreen.java:15)
	... 1 more
Caused by: javax.imageio.IIOException: Can't get input stream from URL!
	at javax.imageio.ImageIO.read(Unknown Source)
	at de.gurkenlabs.litiengine.resources.Images.load(Images.java:49)
	at de.gurkenlabs.litiengine.resources.Images.load(Images.java:12)
	at de.gurkenlabs.litiengine.resources.ResourcesContainer.loadResource(ResourcesContainer.java:389)
	... 5 more
Caused by: java.io.FileNotFoundException: D:\own\game\menubg.png (A rendszer nem találja a megadott fájlt)
	at java.io.FileInputStream.open0(Native Method)
	at java.io.FileInputStream.open(Unknown Source)
	at java.io.FileInputStream.<init>(Unknown Source)
	at java.io.FileInputStream.<init>(Unknown Source)
	at sun.net.www.protocol.file.FileURLConnection.connect(Unknown Source)
	at sun.net.www.protocol.file.FileURLConnection.getInputStream(Unknown Source)
	at java.net.URL.openStream(Unknown Source)
	... 9 more

Sep 27, 2022 9:11:21 PM de.gurkenlabs.litiengine.DefaultUncaughtExceptionHandler uncaughtException
SEVERE: Game crashed! :(
java.lang.Error: Unresolved compilation problem: 
	Syntax error, insert ";" to complete BlockStatements

	at Menu.MenuScreen.initializeComponents(MenuScreen.java:40)
	at de.gurkenlabs.litiengine.gui.GuiComponent.<init>(GuiComponent.java:151)
	at de.gurkenlabs.litiengine.gui.GuiComponent.<init>(GuiComponent.java:97)
	at de.gurkenlabs.litiengine.gui.screens.Screen.<init>(Screen.java:14)
	at de.gurkenlabs.litiengine.gui.screens.GameScreen.<init>(GameScreen.java:19)
	at Menu.MenuScreen.<init>(MenuScreen.java:21)
	at MainProgram.Program.main(Program.java:24)

Sep 27, 2022 10:00:45 PM de.gurkenlabs.litiengine.DefaultUncaughtExceptionHandler uncaughtException
SEVERE: Game crashed! :(
java.lang.NullPointerException
	at Menu.MenuScreen.prepare(MenuScreen.java:32)
	at de.gurkenlabs.litiengine.gui.screens.ScreenManager.display(ScreenManager.java:133)
	at de.gurkenlabs.litiengine.gui.screens.ScreenManager.add(ScreenManager.java:89)
	at MainProgram.Program.main(Program.java:24)

Sep 27, 2022 10:07:37 PM de.gurkenlabs.litiengine.DefaultUncaughtExceptionHandler uncaughtException
SEVERE: Game crashed! :(
java.lang.NullPointerException
	at Menu.MenuScreen.prepare(MenuScreen.java:33)
	at de.gurkenlabs.litiengine.gui.screens.ScreenManager.display(ScreenManager.java:133)
	at de.gurkenlabs.litiengine.gui.screens.ScreenManager.add(ScreenManager.java:89)
	at MainProgram.Program.main(Program.java:24)

